c:\users\chali\source\repos\instagram data structure project\instagra.f7cfbea8\x64\debug\vc143.pdb
c:\users\chali\source\repos\instagram data structure project\instagra.f7cfbea8\x64\debug\vc143.idb
c:\users\chali\source\repos\instagram data structure project\instagra.f7cfbea8\x64\debug\usermanagement.obj
c:\users\chali\source\repos\instagram data structure project\instagra.f7cfbea8\x64\debug\stories.obj
c:\users\chali\source\repos\instagram data structure project\instagra.f7cfbea8\x64\debug\socialnetwork.obj
c:\users\chali\source\repos\instagram data structure project\instagra.f7cfbea8\x64\debug\socialmediaplatform.obj
c:\users\chali\source\repos\instagram data structure project\instagra.f7cfbea8\x64\debug\postsmanagement.obj
c:\users\chali\source\repos\instagram data structure project\instagra.f7cfbea8\x64\debug\notifications.obj
c:\users\chali\source\repos\instagram data structure project\instagra.f7cfbea8\x64\debug\messaging.obj
c:\users\chali\source\repos\instagram data structure project\instagra.f7cfbea8\x64\debug\main.obj
c:\users\chali\source\repos\instagram data structure project\instagra.f7cfbea8\x64\debug\globals.obj
c:\users\chali\source\repos\instagram data structure project\instagra.f7cfbea8\x64\debug\analytics.obj
c:\users\chali\source\repos\instagram data structure project\instagra.f7cfbea8\x64\debug\fileio.obj
c:\users\chali\source\repos\instagram data structure project\x64\debug\instagram data structure project.exe
c:\users\chali\source\repos\instagram data structure project\x64\debug\instagram data structure project.pdb
c:\users\chali\source\repos\instagram data structure project\instagra.f7cfbea8\x64\debug\instagram data structure project.ilk
c:\users\chali\source\repos\instagram data structure project\instagra.f7cfbea8\x64\debug\instagra.f7cfbea8.tlog\cl.command.1.tlog
c:\users\chali\source\repos\instagram data structure project\instagra.f7cfbea8\x64\debug\instagra.f7cfbea8.tlog\cl.items.tlog
c:\users\chali\source\repos\instagram data structure project\instagra.f7cfbea8\x64\debug\instagra.f7cfbea8.tlog\cl.read.1.tlog
c:\users\chali\source\repos\instagram data structure project\instagra.f7cfbea8\x64\debug\instagra.f7cfbea8.tlog\cl.write.1.tlog
c:\users\chali\source\repos\instagram data structure project\instagra.f7cfbea8\x64\debug\instagra.f7cfbea8.tlog\link.command.1.tlog
c:\users\chali\source\repos\instagram data structure project\instagra.f7cfbea8\x64\debug\instagra.f7cfbea8.tlog\link.read.1.tlog
c:\users\chali\source\repos\instagram data structure project\instagra.f7cfbea8\x64\debug\instagra.f7cfbea8.tlog\link.secondary.1.tlog
c:\users\chali\source\repos\instagram data structure project\instagra.f7cfbea8\x64\debug\instagra.f7cfbea8.tlog\link.write.1.tlog
